{
  "RSpec": {
    "coverage": {
      "/Users/phatthrakitpayuck/rails-academy-checklist/app/helpers/application_helper.rb": {
        "lines": [
          1,
          null
        ]
      },
      "/Users/phatthrakitpayuck/rails-academy-checklist/app/helpers/pages_helper.rb": {
        "lines": [
          1,
          null
        ]
      },
      "/Users/phatthrakitpayuck/rails-academy-checklist/app/helpers/tasks_helper.rb": {
        "lines": [
          1,
          null
        ]
      },
      "/Users/phatthrakitpayuck/rails-academy-checklist/app/controllers/pages_controller.rb": {
        "lines": [
          1,
          1,
          null,
          null
        ]
      },
      "/Users/phatthrakitpayuck/rails-academy-checklist/app/controllers/application_controller.rb": {
        "lines": [
          1,
          null,
          1,
          null
        ]
      },
      "/Users/phatthrakitpayuck/rails-academy-checklist/app/controllers/tasks_controller.rb": {
        "lines": [
          null,
          1,
          1,
          null,
          1,
          2,
          2,
          null,
          null,
          1,
          3,
          3,
          2,
          null,
          1,
          1,
          null,
          null,
          null,
          1,
          1,
          1,
          1,
          null,
          0,
          0,
          null,
          null,
          null,
          1,
          1,
          1,
          1,
          null,
          null,
          1,
          0,
          null,
          null,
          1,
          null,
          1,
          4,
          null,
          null
        ]
      },
      "/Users/phatthrakitpayuck/rails-academy-checklist/app/models/quest.rb": {
        "lines": [
          1,
          1,
          null
        ]
      },
      "/Users/phatthrakitpayuck/rails-academy-checklist/app/models/application_record.rb": {
        "lines": [
          1,
          1,
          null
        ]
      },
      "/Users/phatthrakitpayuck/rails-academy-checklist/app/models/task.rb": {
        "lines": [
          1,
          1,
          null
        ]
      },
      "/Users/phatthrakitpayuck/rails-academy-checklist/app/jobs/application_job.rb": {
        "lines": [
          0,
          null,
          null,
          null,
          null,
          null,
          0
        ],
        "branches": {}
      },
      "/Users/phatthrakitpayuck/rails-academy-checklist/app/mailers/application_mailer.rb": {
        "lines": [
          0,
          0,
          0,
          0
        ],
        "branches": {}
      }
    },
    "timestamp": 1755684795
  }
}
